<?xml version="1.0" encoding="UTF-8"?>
<testng-results ignored="0" total="2" passed="2" failed="0" skipped="0">
  <reporter-output>
  </reporter-output>
  <suite started-at="2023-10-23T16:11:39 IST" name="Suite" finished-at="2023-10-23T16:11:44 IST" duration-ms="4274">
    <groups>
    </groups>
    <test started-at="2023-10-23T16:11:39 IST" name="test2" finished-at="2023-10-23T16:11:43 IST" duration-ms="4218">
      <class name="com.api.parallelTests.IncognitoTest">
        <test-method signature="incognitoTest()[pri:0, instance:com.api.parallelTests.IncognitoTest@3b6ddd1d]" started-at="2023-10-23T16:11:39 IST" name="incognitoTest" finished-at="2023-10-23T16:11:43 IST" duration-ms="4170" status="PASS">
          <reporter-output>
          </reporter-output>
        </test-method> <!-- incognitoTest -->
      </class> <!-- com.api.parallelTests.IncognitoTest -->
    </test> <!-- test2 -->
    <test started-at="2023-10-23T16:11:39 IST" name="test1" finished-at="2023-10-23T16:11:44 IST" duration-ms="4274">
      <class name="com.api.parallelTests.ChromeTest">
        <test-method signature="chromeTest()[pri:0, instance:com.api.parallelTests.ChromeTest@6631f5ca]" started-at="2023-10-23T16:11:39 IST" name="chromeTest" finished-at="2023-10-23T16:11:44 IST" duration-ms="4232" status="PASS">
          <reporter-output>
          </reporter-output>
        </test-method> <!-- chromeTest -->
      </class> <!-- com.api.parallelTests.ChromeTest -->
    </test> <!-- test1 -->
  </suite> <!-- Suite -->
</testng-results>
